2026-03-03 22:44:33,492 INFO     framework.sequencer — MUT Class Loaded: mut.bms_model.BMSModel
2026-03-03 22:44:33,492 INFO     framework.sequencer — ============================================================
2026-03-03 22:44:33,492 INFO     framework.sequencer — CAMPAIGN: BMS_MIL_Validation_v2.0
2026-03-03 22:44:33,492 INFO     framework.sequencer — ============================================================
2026-03-03 22:44:33,492 INFO     framework.sequencer — >>> RUNNING TC_001: SOC_Nominal_WLTP
2026-03-03 22:44:33,493 INFO     framework.verdict_engine — VERDICT  | SOC_Step_0                     | expected=94.66 actual=94.47 delta=0.19 band=<= pass_tol (5.0) → PASS
2026-03-03 22:44:33,493 INFO     framework.verdict_engine — VERDICT  | SOC_Step_1                     | expected=93.69 actual=93.33 delta=0.36 band=<= pass_tol (5.0) → PASS
2026-03-03 22:44:33,493 INFO     framework.verdict_engine — VERDICT  | SOC_Step_2                     | expected=92.69 actual=92.16 delta=0.53 band=<= pass_tol (5.0) → PASS
2026-03-03 22:44:33,493 INFO     framework.verdict_engine — VERDICT  | SOC_Step_3                     | expected=91.72 actual=91.03 delta=0.69 band=<= pass_tol (5.0) → PASS
2026-03-03 22:44:33,493 INFO     framework.verdict_engine — VERDICT  | SOC_Step_4                     | expected=90.65 actual=89.8 delta=0.85 band=<= pass_tol (5.0) → PASS
2026-03-03 22:44:33,493 INFO     framework.verdict_engine — VERDICT  | SOC_Step_5                     | expected=89.44 actual=88.47 delta=0.97 band=<= pass_tol (5.0) → PASS
2026-03-03 22:44:33,493 INFO     framework.verdict_engine — VERDICT  | SOC_Step_6                     | expected=88.33 actual=87.22 delta=1.11 band=<= pass_tol (5.0) → PASS
2026-03-03 22:44:33,493 INFO     framework.verdict_engine — VERDICT  | SOC_Step_7                     | expected=87.15 actual=85.91 delta=1.24 band=<= pass_tol (5.0) → PASS
2026-03-03 22:44:33,493 INFO     framework.verdict_engine — VERDICT  | SOC_Step_8                     | expected=85.94 actual=84.58 delta=1.36 band=<= pass_tol (5.0) → PASS
2026-03-03 22:44:33,493 INFO     framework.verdict_engine — VERDICT  | SOC_Step_9                     | expected=84.72 actual=83.24 delta=1.48 band=<= pass_tol (5.0) → PASS
2026-03-03 22:44:33,493 INFO     framework.verdict_engine — VERDICT  | SOC_Step_10                    | expected=83.48 actual=81.89 delta=1.59 band=<= pass_tol (5.0) → PASS
2026-03-03 22:44:33,493 INFO     framework.verdict_engine — VERDICT  | SOC_Step_11                    | expected=82.28 actual=80.57 delta=1.71 band=<= pass_tol (5.0) → PASS
2026-03-03 22:44:33,493 INFO     framework.verdict_engine — VERDICT  | SOC_Step_12                    | expected=81.01 actual=79.2 delta=1.81 band=<= pass_tol (5.0) → PASS
2026-03-03 22:44:33,493 INFO     framework.verdict_engine — VERDICT  | SOC_Step_13                    | expected=79.68 actual=77.78 delta=1.9 band=<= pass_tol (5.0) → PASS
2026-03-03 22:44:33,493 INFO     framework.verdict_engine — VERDICT  | SOC_Step_14                    | expected=78.26 actual=76.27 delta=1.99 band=<= pass_tol (5.0) → PASS
2026-03-03 22:44:33,493 INFO     framework.verdict_engine — VERDICT  | SOC_Step_15                    | expected=76.79 actual=74.73 delta=2.06 band=<= pass_tol (5.0) → PASS
2026-03-03 22:44:33,493 INFO     framework.verdict_engine — VERDICT  | SOC_Step_16                    | expected=75.4 actual=73.25 delta=2.15 band=<= pass_tol (5.0) → PASS
2026-03-03 22:44:33,493 INFO     framework.verdict_engine — VERDICT  | SOC_Step_17                    | expected=74.05 actual=71.83 delta=2.22 band=<= pass_tol (5.0) → PASS
2026-03-03 22:44:33,493 INFO     framework.verdict_engine — VERDICT  | SOC_Step_18                    | expected=72.59 actual=70.3 delta=2.29 band=<= pass_tol (5.0) → PASS
2026-03-03 22:44:33,493 INFO     framework.verdict_engine — VERDICT  | SOC_Step_19                    | expected=71.11 actual=68.75 delta=2.36 band=<= pass_tol (5.0) → PASS
2026-03-03 22:44:33,493 INFO     framework.verdict_engine — VERDICT  | SOC_Step_20                    | expected=69.65 actual=67.23 delta=2.42 band=<= pass_tol (5.0) → PASS
2026-03-03 22:44:33,494 INFO     framework.verdict_engine — VERDICT  | SOC_Step_21                    | expected=68.04 actual=65.57 delta=2.47 band=<= pass_tol (5.0) → PASS
2026-03-03 22:44:33,494 INFO     framework.verdict_engine — VERDICT  | SOC_Step_22                    | expected=66.49 actual=63.97 delta=2.52 band=<= pass_tol (5.0) → PASS
2026-03-03 22:44:33,494 INFO     framework.verdict_engine — VERDICT  | SOC_Step_23                    | expected=64.99 actual=62.42 delta=2.57 band=<= pass_tol (5.0) → PASS
2026-03-03 22:44:33,494 INFO     framework.verdict_engine — VERDICT  | SOC_Step_24                    | expected=63.5 actual=60.89 delta=2.61 band=<= pass_tol (5.0) → PASS
2026-03-03 22:44:33,494 INFO     framework.verdict_engine — VERDICT  | SOC_Step_25                    | expected=61.93 actual=59.27 delta=2.66 band=<= pass_tol (5.0) → PASS
2026-03-03 22:44:33,494 INFO     framework.verdict_engine — VERDICT  | SOC_Step_26                    | expected=60.39 actual=57.7 delta=2.69 band=<= pass_tol (5.0) → PASS
2026-03-03 22:44:33,494 INFO     framework.verdict_engine — VERDICT  | SOC_Step_27                    | expected=58.84 actual=56.11 delta=2.73 band=<= pass_tol (5.0) → PASS
2026-03-03 22:44:33,494 INFO     framework.verdict_engine — VERDICT  | SOC_Step_28                    | expected=57.33 actual=54.56 delta=2.77 band=<= pass_tol (5.0) → PASS
2026-03-03 22:44:33,494 INFO     framework.verdict_engine — VERDICT  | SOC_Step_29                    | expected=55.68 actual=52.88 delta=2.8 band=<= pass_tol (5.0) → PASS
2026-03-03 22:44:33,494 INFO     framework.verdict_engine — VERDICT  | SOC_Step_30                    | expected=54.74 actual=51.9 delta=2.84 band=<= pass_tol (5.0) → PASS
2026-03-03 22:44:33,494 INFO     framework.verdict_engine — VERDICT  | SOC_Step_31                    | expected=53.07 actual=50.19 delta=2.88 band=<= pass_tol (5.0) → PASS
2026-03-03 22:44:33,494 INFO     framework.verdict_engine — VERDICT  | SOC_Step_32                    | expected=51.33 actual=48.43 delta=2.9 band=<= pass_tol (5.0) → PASS
2026-03-03 22:44:33,494 INFO     framework.verdict_engine — VERDICT  | SOC_Step_33                    | expected=49.73 actual=46.8 delta=2.93 band=<= pass_tol (5.0) → PASS
2026-03-03 22:44:33,494 INFO     framework.verdict_engine — VERDICT  | SOC_Step_34                    | expected=48.12 actual=45.16 delta=2.96 band=<= pass_tol (5.0) → PASS
2026-03-03 22:44:33,494 INFO     framework.verdict_engine — VERDICT  | SOC_Step_35                    | expected=46.63 actual=43.65 delta=2.98 band=<= pass_tol (5.0) → PASS
2026-03-03 22:44:33,494 INFO     framework.verdict_engine — VERDICT  | SOC_Step_36                    | expected=45.14 actual=42.14 delta=3 band=<= pass_tol (5.0) → PASS
2026-03-03 22:44:33,494 INFO     framework.verdict_engine — VERDICT  | SOC_Step_37                    | expected=43.54 actual=40.51 delta=3.03 band=<= pass_tol (5.0) → PASS
2026-03-03 22:44:33,494 INFO     framework.verdict_engine — VERDICT  | SOC_Step_38                    | expected=42.09 actual=39.04 delta=3.05 band=<= pass_tol (5.0) → PASS
2026-03-03 22:44:33,494 INFO     framework.verdict_engine — VERDICT  | SOC_Step_39                    | expected=40.53 actual=37.46 delta=3.07 band=<= pass_tol (5.0) → PASS
2026-03-03 22:44:33,494 INFO     framework.verdict_engine — VERDICT  | SOC_Step_40                    | expected=39.05 actual=35.96 delta=3.09 band=<= pass_tol (5.0) → PASS
2026-03-03 22:44:33,494 INFO     framework.verdict_engine — VERDICT  | SOC_Step_41                    | expected=37.57 actual=34.46 delta=3.11 band=<= pass_tol (5.0) → PASS
2026-03-03 22:44:33,494 INFO     framework.verdict_engine — VERDICT  | SOC_Step_42                    | expected=36.13 actual=33.01 delta=3.12 band=<= pass_tol (5.0) → PASS
2026-03-03 22:44:33,494 INFO     framework.verdict_engine — VERDICT  | SOC_Step_43                    | expected=34.77 actual=31.63 delta=3.14 band=<= pass_tol (5.0) → PASS
2026-03-03 22:44:33,494 INFO     framework.verdict_engine — VERDICT  | SOC_Step_44                    | expected=33.41 actual=30.26 delta=3.15 band=<= pass_tol (5.0) → PASS
2026-03-03 22:44:33,494 INFO     framework.verdict_engine — VERDICT  | SOC_Step_45                    | expected=32.06 actual=28.9 delta=3.16 band=<= pass_tol (5.0) → PASS
2026-03-03 22:44:33,494 INFO     framework.verdict_engine — VERDICT  | SOC_Step_46                    | expected=30.75 actual=27.57 delta=3.18 band=<= pass_tol (5.0) → PASS
2026-03-03 22:44:33,494 INFO     framework.verdict_engine — VERDICT  | SOC_Step_47                    | expected=29.46 actual=26.27 delta=3.19 band=<= pass_tol (5.0) → PASS
2026-03-03 22:44:33,494 INFO     framework.verdict_engine — VERDICT  | SOC_Step_48                    | expected=28.12 actual=24.91 delta=3.21 band=<= pass_tol (5.0) → PASS
2026-03-03 22:44:33,494 INFO     framework.verdict_engine — VERDICT  | SOC_Step_49                    | expected=26.8 actual=23.58 delta=3.22 band=<= pass_tol (5.0) → PASS
2026-03-03 22:44:33,494 INFO     framework.verdict_engine — VERDICT  | SOC_Step_50                    | expected=25.52 actual=22.3 delta=3.22 band=<= pass_tol (5.0) → PASS
2026-03-03 22:44:33,494 INFO     framework.verdict_engine — VERDICT  | SOC_Step_51                    | expected=24.34 actual=21.1 delta=3.24 band=<= pass_tol (5.0) → PASS
2026-03-03 22:44:33,494 INFO     framework.verdict_engine — VERDICT  | SOC_Step_52                    | expected=23.13 actual=19.89 delta=3.24 band=<= pass_tol (5.0) → PASS
2026-03-03 22:44:33,494 INFO     framework.verdict_engine — VERDICT  | SOC_Step_53                    | expected=22.13 actual=18.88 delta=3.25 band=<= pass_tol (5.0) → PASS
2026-03-03 22:44:33,494 INFO     framework.verdict_engine — VERDICT  | SOC_Step_54                    | expected=20.95 actual=17.69 delta=3.26 band=<= pass_tol (5.0) → PASS
2026-03-03 22:44:33,494 INFO     framework.verdict_engine — VERDICT  | SOC_Step_55                    | expected=19.78 actual=16.51 delta=3.27 band=<= pass_tol (5.0) → PASS
2026-03-03 22:44:33,495 INFO     framework.verdict_engine — VERDICT  | SOC_Step_56                    | expected=18.77 actual=15.49 delta=3.28 band=<= pass_tol (5.0) → PASS
2026-03-03 22:44:33,495 INFO     framework.verdict_engine — VERDICT  | SOC_Step_57                    | expected=17.83 actual=14.55 delta=3.28 band=<= pass_tol (5.0) → PASS
2026-03-03 22:44:33,495 INFO     framework.verdict_engine — VERDICT  | SOC_Step_58                    | expected=16.87 actual=13.58 delta=3.29 band=<= pass_tol (5.0) → PASS
2026-03-03 22:44:33,495 INFO     framework.verdict_engine — VERDICT  | SOC_Step_59                    | expected=15.95 actual=12.66 delta=3.29 band=<= pass_tol (5.0) → PASS
2026-03-03 22:44:33,495 INFO     framework.verdict_engine — VERDICT  | SOC_Step_60                    | expected=15.7 actual=12.39 delta=3.31 band=<= pass_tol (5.0) → PASS
2026-03-03 22:44:33,495 INFO     framework.verdict_engine — VERDICT  | SOC_Step_61                    | expected=14.79 actual=11.48 delta=3.31 band=<= pass_tol (5.0) → PASS
2026-03-03 22:44:33,495 INFO     framework.verdict_engine — VERDICT  | SOC_Step_62                    | expected=13.82 actual=10.5 delta=3.32 band=<= pass_tol (5.0) → PASS
2026-03-03 22:44:33,495 INFO     framework.verdict_engine — VERDICT  | SOC_Step_63                    | expected=12.94 actual=9.62 delta=3.32 band=<= pass_tol (5.0) → PASS
2026-03-03 22:44:33,495 INFO     framework.verdict_engine — VERDICT  | SOC_Step_64                    | expected=12.2 actual=8.87 delta=3.33 band=<= pass_tol (5.0) → PASS
2026-03-03 22:44:33,495 INFO     framework.verdict_engine — VERDICT  | SOC_Step_65                    | expected=11.32 actual=7.99 delta=3.33 band=<= pass_tol (5.0) → PASS
2026-03-03 22:44:33,495 INFO     framework.verdict_engine — VERDICT  | SOC_Step_66                    | expected=10.57 actual=7.24 delta=3.33 band=<= pass_tol (5.0) → PASS
2026-03-03 22:44:33,495 INFO     framework.verdict_engine — VERDICT  | SOC_Step_67                    | expected=9.87 actual=6.53 delta=3.34 band=<= pass_tol (5.0) → PASS
2026-03-03 22:44:33,495 INFO     framework.verdict_engine — VERDICT  | SOC_Step_68                    | expected=9.16 actual=5.82 delta=3.34 band=<= pass_tol (5.0) → PASS
2026-03-03 22:44:33,495 INFO     framework.verdict_engine — VERDICT  | SOC_Step_69                    | expected=8.55 actual=5.2 delta=3.35 band=<= pass_tol (5.0) → PASS
2026-03-03 22:44:33,495 INFO     framework.verdict_engine — VERDICT  | SOC_Step_70                    | expected=7.96 actual=4.6 delta=3.36 band=<= pass_tol (5.0) → PASS
2026-03-03 22:44:33,495 INFO     framework.verdict_engine — VERDICT  | SOC_Step_71                    | expected=7.51 actual=4.15 delta=3.36 band=<= pass_tol (5.0) → PASS
2026-03-03 22:44:33,495 INFO     framework.verdict_engine — VERDICT  | SOC_Step_72                    | expected=6.97 actual=3.61 delta=3.36 band=<= pass_tol (5.0) → PASS
2026-03-03 22:44:33,495 INFO     framework.verdict_engine — VERDICT  | SOC_Step_73                    | expected=6.37 actual=3.01 delta=3.36 band=<= pass_tol (5.0) → PASS
2026-03-03 22:44:33,495 INFO     framework.verdict_engine — VERDICT  | SOC_Step_74                    | expected=5.81 actual=2.44 delta=3.37 band=<= pass_tol (5.0) → PASS
2026-03-03 22:44:33,495 INFO     framework.verdict_engine — VERDICT  | SOC_Step_75                    | expected=5.24 actual=1.87 delta=3.37 band=<= pass_tol (5.0) → PASS
2026-03-03 22:44:33,495 INFO     framework.verdict_engine — VERDICT  | SOC_Step_76                    | expected=4.82 actual=1.45 delta=3.37 band=<= pass_tol (5.0) → PASS
2026-03-03 22:44:33,495 INFO     framework.verdict_engine — VERDICT  | SOC_Step_77                    | expected=4.32 actual=0.95 delta=3.37 band=<= pass_tol (5.0) → PASS
2026-03-03 22:44:33,495 INFO     framework.verdict_engine — VERDICT  | SOC_Step_78                    | expected=3.87 actual=0.49 delta=3.38 band=<= pass_tol (5.0) → PASS
2026-03-03 22:44:33,495 INFO     framework.verdict_engine — VERDICT  | SOC_Step_79                    | expected=3.5 actual=0.12 delta=3.38 band=<= pass_tol (5.0) → PASS
2026-03-03 22:44:33,495 INFO     framework.verdict_engine — VERDICT  | SOC_Step_80                    | expected=3.04 actual=0 delta=3.04 band=<= pass_tol (5.0) → PASS
2026-03-03 22:44:33,495 INFO     framework.verdict_engine — VERDICT  | SOC_Step_81                    | expected=2.62 actual=0 delta=2.62 band=<= pass_tol (5.0) → PASS
2026-03-03 22:44:33,495 INFO     framework.verdict_engine — VERDICT  | SOC_Step_82                    | expected=2.12 actual=0 delta=2.12 band=<= pass_tol (5.0) → PASS
2026-03-03 22:44:33,495 INFO     framework.verdict_engine — VERDICT  | SOC_Step_83                    | expected=1.68 actual=0 delta=1.68 band=<= pass_tol (5.0) → PASS
2026-03-03 22:44:33,495 INFO     framework.verdict_engine — VERDICT  | SOC_Step_84                    | expected=1.28 actual=0 delta=1.28 band=<= pass_tol (5.0) → PASS
2026-03-03 22:44:33,495 INFO     framework.verdict_engine — VERDICT  | SOC_Step_85                    | expected=0.96 actual=0 delta=0.96 band=<= pass_tol (5.0) → PASS
2026-03-03 22:44:33,495 INFO     framework.verdict_engine — VERDICT  | SOC_Step_86                    | expected=0.7 actual=0 delta=0.7 band=<= pass_tol (5.0) → PASS
2026-03-03 22:44:33,495 INFO     framework.verdict_engine — VERDICT  | SOC_Step_87                    | expected=0.37 actual=0 delta=0.37 band=<= pass_tol (5.0) → PASS
2026-03-03 22:44:33,495 INFO     framework.verdict_engine — VERDICT  | SOC_Step_88                    | expected=0.06 actual=0 delta=0.06 band=<= pass_tol (5.0) → PASS
2026-03-03 22:44:33,495 INFO     framework.verdict_engine — VERDICT  | SOC_Step_89                    | expected=0 actual=0 delta=0 band=<= pass_tol (5.0) → PASS
2026-03-03 22:44:33,495 INFO     framework.verdict_engine — VERDICT  | SOC_Step_90                    | expected=0.34 actual=0.32 delta=0.02 band=<= pass_tol (5.0) → PASS
2026-03-03 22:44:33,495 INFO     framework.verdict_engine — VERDICT  | SOC_Step_91                    | expected=0.07 actual=0.05 delta=0.02 band=<= pass_tol (5.0) → PASS
2026-03-03 22:44:33,496 INFO     framework.verdict_engine — VERDICT  | SOC_Step_92                    | expected=0 actual=0 delta=0 band=<= pass_tol (5.0) → PASS
2026-03-03 22:44:33,496 INFO     framework.verdict_engine — VERDICT  | SOC_Step_93                    | expected=0 actual=0 delta=0 band=<= pass_tol (5.0) → PASS
2026-03-03 22:44:33,496 INFO     framework.verdict_engine — VERDICT  | SOC_Step_94                    | expected=0 actual=0 delta=0 band=<= pass_tol (5.0) → PASS
2026-03-03 22:44:33,496 INFO     framework.verdict_engine — VERDICT  | SOC_Step_95                    | expected=0 actual=0 delta=0 band=<= pass_tol (5.0) → PASS
2026-03-03 22:44:33,496 INFO     framework.verdict_engine — VERDICT  | SOC_Step_96                    | expected=0 actual=0 delta=0 band=<= pass_tol (5.0) → PASS
2026-03-03 22:44:33,496 INFO     framework.verdict_engine — VERDICT  | SOC_Step_97                    | expected=0 actual=0 delta=0 band=<= pass_tol (5.0) → PASS
2026-03-03 22:44:33,496 INFO     framework.verdict_engine — VERDICT  | SOC_Step_98                    | expected=0 actual=0 delta=0 band=<= pass_tol (5.0) → PASS
2026-03-03 22:44:33,496 INFO     framework.verdict_engine — VERDICT  | SOC_Step_99                    | expected=0 actual=0 delta=0 band=<= pass_tol (5.0) → PASS
2026-03-03 22:44:33,496 INFO     framework.verdict_engine — VERDICT  | SOC_Step_100                   | expected=0 actual=0 delta=0 band=<= pass_tol (5.0) → PASS
2026-03-03 22:44:33,496 INFO     framework.verdict_engine — VERDICT  | SOC_Step_101                   | expected=0 actual=0 delta=0 band=<= pass_tol (5.0) → PASS
2026-03-03 22:44:33,496 INFO     framework.verdict_engine — VERDICT  | SOC_Step_102                   | expected=0 actual=0 delta=0 band=<= pass_tol (5.0) → PASS
2026-03-03 22:44:33,496 INFO     framework.verdict_engine — VERDICT  | SOC_Step_103                   | expected=0 actual=0 delta=0 band=<= pass_tol (5.0) → PASS
2026-03-03 22:44:33,496 INFO     framework.verdict_engine — VERDICT  | SOC_Step_104                   | expected=0 actual=0 delta=0 band=<= pass_tol (5.0) → PASS
2026-03-03 22:44:33,496 INFO     framework.verdict_engine — VERDICT  | SOC_Step_105                   | expected=0 actual=0 delta=0 band=<= pass_tol (5.0) → PASS
2026-03-03 22:44:33,496 INFO     framework.verdict_engine — VERDICT  | SOC_Step_106                   | expected=0 actual=0 delta=0 band=<= pass_tol (5.0) → PASS
2026-03-03 22:44:33,496 INFO     framework.verdict_engine — VERDICT  | SOC_Step_107                   | expected=0 actual=0 delta=0 band=<= pass_tol (5.0) → PASS
2026-03-03 22:44:33,496 INFO     framework.verdict_engine — VERDICT  | SOC_Step_108                   | expected=0 actual=0 delta=0 band=<= pass_tol (5.0) → PASS
2026-03-03 22:44:33,496 INFO     framework.verdict_engine — VERDICT  | SOC_Step_109                   | expected=0 actual=0 delta=0 band=<= pass_tol (5.0) → PASS
2026-03-03 22:44:33,496 INFO     framework.verdict_engine — VERDICT  | SOC_Step_110                   | expected=0 actual=0 delta=0 band=<= pass_tol (5.0) → PASS
2026-03-03 22:44:33,496 INFO     framework.verdict_engine — VERDICT  | SOC_Step_111                   | expected=0 actual=0 delta=0 band=<= pass_tol (5.0) → PASS
2026-03-03 22:44:33,496 INFO     framework.verdict_engine — VERDICT  | SOC_Step_112                   | expected=0 actual=0 delta=0 band=<= pass_tol (5.0) → PASS
2026-03-03 22:44:33,496 INFO     framework.verdict_engine — VERDICT  | SOC_Step_113                   | expected=0 actual=0 delta=0 band=<= pass_tol (5.0) → PASS
2026-03-03 22:44:33,496 INFO     framework.verdict_engine — VERDICT  | SOC_Step_114                   | expected=0 actual=0 delta=0 band=<= pass_tol (5.0) → PASS
2026-03-03 22:44:33,496 INFO     framework.verdict_engine — VERDICT  | SOC_Step_115                   | expected=0 actual=0 delta=0 band=<= pass_tol (5.0) → PASS
2026-03-03 22:44:33,496 INFO     framework.verdict_engine — VERDICT  | SOC_Step_116                   | expected=0 actual=0 delta=0 band=<= pass_tol (5.0) → PASS
2026-03-03 22:44:33,496 INFO     framework.verdict_engine — VERDICT  | SOC_Step_117                   | expected=0 actual=0 delta=0 band=<= pass_tol (5.0) → PASS
2026-03-03 22:44:33,496 INFO     framework.verdict_engine — VERDICT  | SOC_Step_118                   | expected=0 actual=0 delta=0 band=<= pass_tol (5.0) → PASS
2026-03-03 22:44:33,496 INFO     framework.verdict_engine — VERDICT  | SOC_Step_119                   | expected=0 actual=0 delta=0 band=<= pass_tol (5.0) → PASS
2026-03-03 22:44:33,496 INFO     framework.verdict_engine — VERDICT  | SOC_Step_120                   | expected=0 actual=0 delta=0 band=<= pass_tol (5.0) → PASS
2026-03-03 22:44:33,496 INFO     framework.verdict_engine — VERDICT  | SOC_Step_121                   | expected=0 actual=0 delta=0 band=<= pass_tol (5.0) → PASS
2026-03-03 22:44:33,496 INFO     framework.verdict_engine — VERDICT  | SOC_Step_122                   | expected=0 actual=0 delta=0 band=<= pass_tol (5.0) → PASS
2026-03-03 22:44:33,496 INFO     framework.verdict_engine — VERDICT  | SOC_Step_123                   | expected=0 actual=0 delta=0 band=<= pass_tol (5.0) → PASS
2026-03-03 22:44:33,496 INFO     framework.verdict_engine — VERDICT  | SOC_Step_124                   | expected=0 actual=0 delta=0 band=<= pass_tol (5.0) → PASS
2026-03-03 22:44:33,496 INFO     framework.verdict_engine — VERDICT  | SOC_Step_125                   | expected=0 actual=0 delta=0 band=<= pass_tol (5.0) → PASS
2026-03-03 22:44:33,496 INFO     framework.verdict_engine — VERDICT  | SOC_Step_126                   | expected=0 actual=0 delta=0 band=<= pass_tol (5.0) → PASS
2026-03-03 22:44:33,496 INFO     framework.verdict_engine — VERDICT  | SOC_Step_127                   | expected=0 actual=0 delta=0 band=<= pass_tol (5.0) → PASS
2026-03-03 22:44:33,496 INFO     framework.verdict_engine — VERDICT  | SOC_Step_128                   | expected=0 actual=0 delta=0 band=<= pass_tol (5.0) → PASS
2026-03-03 22:44:33,496 INFO     framework.verdict_engine — VERDICT  | SOC_Step_129                   | expected=0 actual=0 delta=0 band=<= pass_tol (5.0) → PASS
2026-03-03 22:44:33,497 INFO     framework.verdict_engine — VERDICT  | SOC_Step_130                   | expected=0 actual=0 delta=0 band=<= pass_tol (5.0) → PASS
2026-03-03 22:44:33,497 INFO     framework.verdict_engine — VERDICT  | SOC_Step_131                   | expected=0 actual=0 delta=0 band=<= pass_tol (5.0) → PASS
2026-03-03 22:44:33,497 INFO     framework.verdict_engine — VERDICT  | SOC_Step_132                   | expected=0 actual=0 delta=0 band=<= pass_tol (5.0) → PASS
2026-03-03 22:44:33,497 INFO     framework.verdict_engine — VERDICT  | SOC_Step_133                   | expected=0 actual=0 delta=0 band=<= pass_tol (5.0) → PASS
2026-03-03 22:44:33,497 INFO     framework.verdict_engine — VERDICT  | SOC_Step_134                   | expected=0 actual=0 delta=0 band=<= pass_tol (5.0) → PASS
2026-03-03 22:44:33,497 INFO     framework.verdict_engine — VERDICT  | SOC_Step_135                   | expected=0 actual=0 delta=0 band=<= pass_tol (5.0) → PASS
2026-03-03 22:44:33,497 INFO     framework.verdict_engine — VERDICT  | SOC_Step_136                   | expected=0 actual=0 delta=0 band=<= pass_tol (5.0) → PASS
2026-03-03 22:44:33,497 INFO     framework.verdict_engine — VERDICT  | SOC_Step_137                   | expected=0 actual=0 delta=0 band=<= pass_tol (5.0) → PASS
2026-03-03 22:44:33,497 INFO     framework.verdict_engine — VERDICT  | SOC_Step_138                   | expected=0 actual=0 delta=0 band=<= pass_tol (5.0) → PASS
2026-03-03 22:44:33,497 INFO     framework.verdict_engine — VERDICT  | SOC_Step_139                   | expected=0 actual=0 delta=0 band=<= pass_tol (5.0) → PASS
2026-03-03 22:44:33,497 INFO     framework.verdict_engine — VERDICT  | SOC_Step_140                   | expected=0 actual=0 delta=0 band=<= pass_tol (5.0) → PASS
2026-03-03 22:44:33,497 INFO     framework.verdict_engine — VERDICT  | SOC_Step_141                   | expected=0 actual=0 delta=0 band=<= pass_tol (5.0) → PASS
2026-03-03 22:44:33,497 INFO     framework.verdict_engine — VERDICT  | SOC_Step_142                   | expected=0 actual=0 delta=0 band=<= pass_tol (5.0) → PASS
2026-03-03 22:44:33,497 INFO     framework.verdict_engine — VERDICT  | SOC_Step_143                   | expected=0 actual=0 delta=0 band=<= pass_tol (5.0) → PASS
2026-03-03 22:44:33,497 INFO     framework.verdict_engine — VERDICT  | SOC_Step_144                   | expected=0 actual=0 delta=0 band=<= pass_tol (5.0) → PASS
2026-03-03 22:44:33,497 INFO     framework.verdict_engine — VERDICT  | SOC_Step_145                   | expected=0 actual=0 delta=0 band=<= pass_tol (5.0) → PASS
2026-03-03 22:44:33,497 INFO     framework.verdict_engine — VERDICT  | SOC_Step_146                   | expected=0 actual=0 delta=0 band=<= pass_tol (5.0) → PASS
2026-03-03 22:44:33,497 INFO     framework.verdict_engine — VERDICT  | SOC_Step_147                   | expected=0 actual=0 delta=0 band=<= pass_tol (5.0) → PASS
2026-03-03 22:44:33,497 INFO     framework.verdict_engine — VERDICT  | SOC_Step_148                   | expected=0 actual=0 delta=0 band=<= pass_tol (5.0) → PASS
2026-03-03 22:44:33,497 INFO     framework.verdict_engine — VERDICT  | SOC_Step_149                   | expected=0 actual=0 delta=0 band=<= pass_tol (5.0) → PASS
2026-03-03 22:44:33,497 INFO     framework.verdict_engine — VERDICT  | SOC_Step_150                   | expected=0 actual=0 delta=0 band=<= pass_tol (5.0) → PASS
2026-03-03 22:44:33,497 INFO     framework.verdict_engine — VERDICT  | SOC_Step_151                   | expected=0 actual=0 delta=0 band=<= pass_tol (5.0) → PASS
2026-03-03 22:44:33,497 INFO     framework.verdict_engine — VERDICT  | SOC_Step_152                   | expected=0 actual=0 delta=0 band=<= pass_tol (5.0) → PASS
2026-03-03 22:44:33,497 INFO     framework.verdict_engine — VERDICT  | SOC_Step_153                   | expected=0 actual=0 delta=0 band=<= pass_tol (5.0) → PASS
2026-03-03 22:44:33,497 INFO     framework.verdict_engine — VERDICT  | SOC_Step_154                   | expected=0 actual=0 delta=0 band=<= pass_tol (5.0) → PASS
2026-03-03 22:44:33,497 INFO     framework.verdict_engine — VERDICT  | SOC_Step_155                   | expected=0 actual=0 delta=0 band=<= pass_tol (5.0) → PASS
2026-03-03 22:44:33,497 INFO     framework.verdict_engine — VERDICT  | SOC_Step_156                   | expected=0 actual=0 delta=0 band=<= pass_tol (5.0) → PASS
2026-03-03 22:44:33,497 INFO     framework.verdict_engine — VERDICT  | SOC_Step_157                   | expected=0 actual=0 delta=0 band=<= pass_tol (5.0) → PASS
2026-03-03 22:44:33,497 INFO     framework.verdict_engine — VERDICT  | SOC_Step_158                   | expected=0 actual=0 delta=0 band=<= pass_tol (5.0) → PASS
2026-03-03 22:44:33,497 INFO     framework.verdict_engine — VERDICT  | SOC_Step_159                   | expected=0 actual=0 delta=0 band=<= pass_tol (5.0) → PASS
2026-03-03 22:44:33,497 INFO     framework.verdict_engine — VERDICT  | SOC_Step_160                   | expected=0 actual=0 delta=0 band=<= pass_tol (5.0) → PASS
2026-03-03 22:44:33,497 INFO     framework.verdict_engine — VERDICT  | SOC_Step_161                   | expected=0 actual=0 delta=0 band=<= pass_tol (5.0) → PASS
2026-03-03 22:44:33,497 INFO     framework.verdict_engine — VERDICT  | SOC_Step_162                   | expected=0 actual=0 delta=0 band=<= pass_tol (5.0) → PASS
2026-03-03 22:44:33,497 INFO     framework.verdict_engine — VERDICT  | SOC_Step_163                   | expected=0 actual=0 delta=0 band=<= pass_tol (5.0) → PASS
2026-03-03 22:44:33,497 INFO     framework.verdict_engine — VERDICT  | SOC_Step_164                   | expected=0 actual=0 delta=0 band=<= pass_tol (5.0) → PASS
2026-03-03 22:44:33,497 INFO     framework.verdict_engine — VERDICT  | SOC_Step_165                   | expected=0 actual=0 delta=0 band=<= pass_tol (5.0) → PASS
2026-03-03 22:44:33,497 INFO     framework.verdict_engine — VERDICT  | SOC_Step_166                   | expected=0 actual=0 delta=0 band=<= pass_tol (5.0) → PASS
2026-03-03 22:44:33,497 INFO     framework.verdict_engine — VERDICT  | SOC_Step_167                   | expected=0 actual=0 delta=0 band=<= pass_tol (5.0) → PASS
2026-03-03 22:44:33,498 INFO     framework.verdict_engine — VERDICT  | SOC_Step_168                   | expected=0 actual=0 delta=0 band=<= pass_tol (5.0) → PASS
2026-03-03 22:44:33,498 INFO     framework.verdict_engine — VERDICT  | SOC_Step_169                   | expected=0 actual=0 delta=0 band=<= pass_tol (5.0) → PASS
2026-03-03 22:44:33,498 INFO     framework.verdict_engine — VERDICT  | SOC_Step_170                   | expected=0 actual=0 delta=0 band=<= pass_tol (5.0) → PASS
2026-03-03 22:44:33,498 INFO     framework.verdict_engine — VERDICT  | SOC_Step_171                   | expected=0 actual=0 delta=0 band=<= pass_tol (5.0) → PASS
2026-03-03 22:44:33,498 INFO     framework.verdict_engine — VERDICT  | SOC_Step_172                   | expected=0 actual=0 delta=0 band=<= pass_tol (5.0) → PASS
2026-03-03 22:44:33,498 INFO     framework.verdict_engine — VERDICT  | SOC_Step_173                   | expected=0 actual=0 delta=0 band=<= pass_tol (5.0) → PASS
2026-03-03 22:44:33,498 INFO     framework.verdict_engine — VERDICT  | SOC_Step_174                   | expected=0 actual=0 delta=0 band=<= pass_tol (5.0) → PASS
2026-03-03 22:44:33,498 INFO     framework.verdict_engine — VERDICT  | SOC_Step_175                   | expected=0 actual=0 delta=0 band=<= pass_tol (5.0) → PASS
2026-03-03 22:44:33,498 INFO     framework.verdict_engine — VERDICT  | SOC_Step_176                   | expected=0 actual=0 delta=0 band=<= pass_tol (5.0) → PASS
2026-03-03 22:44:33,498 INFO     framework.verdict_engine — VERDICT  | SOC_Step_177                   | expected=0 actual=0 delta=0 band=<= pass_tol (5.0) → PASS
2026-03-03 22:44:33,498 INFO     framework.verdict_engine — VERDICT  | SOC_Step_178                   | expected=0 actual=0 delta=0 band=<= pass_tol (5.0) → PASS
2026-03-03 22:44:33,498 INFO     framework.verdict_engine — VERDICT  | SOC_Step_179                   | expected=0 actual=0 delta=0 band=<= pass_tol (5.0) → PASS
2026-03-03 22:44:33,498 INFO     framework.verdict_engine — VERDICT  | SOC_Step_180                   | expected=0 actual=0 delta=0 band=<= pass_tol (5.0) → PASS
2026-03-03 22:44:33,498 INFO     framework.verdict_engine — VERDICT  | SOC_Step_181                   | expected=0 actual=0 delta=0 band=<= pass_tol (5.0) → PASS
2026-03-03 22:44:33,498 INFO     framework.verdict_engine — VERDICT  | SOC_Step_182                   | expected=0 actual=0 delta=0 band=<= pass_tol (5.0) → PASS
2026-03-03 22:44:33,498 INFO     framework.verdict_engine — VERDICT  | SOC_Step_183                   | expected=0 actual=0 delta=0 band=<= pass_tol (5.0) → PASS
2026-03-03 22:44:33,498 INFO     framework.verdict_engine — VERDICT  | SOC_Step_184                   | expected=0 actual=0 delta=0 band=<= pass_tol (5.0) → PASS
2026-03-03 22:44:33,498 INFO     framework.verdict_engine — VERDICT  | SOC_Step_185                   | expected=0 actual=0 delta=0 band=<= pass_tol (5.0) → PASS
2026-03-03 22:44:33,498 INFO     framework.verdict_engine — VERDICT  | SOC_Step_186                   | expected=0 actual=0 delta=0 band=<= pass_tol (5.0) → PASS
2026-03-03 22:44:33,498 INFO     framework.verdict_engine — VERDICT  | SOC_Step_187                   | expected=0 actual=0 delta=0 band=<= pass_tol (5.0) → PASS
2026-03-03 22:44:33,498 INFO     framework.verdict_engine — VERDICT  | SOC_Step_188                   | expected=0 actual=0 delta=0 band=<= pass_tol (5.0) → PASS
2026-03-03 22:44:33,498 INFO     framework.verdict_engine — VERDICT  | SOC_Step_189                   | expected=0 actual=0 delta=0 band=<= pass_tol (5.0) → PASS
2026-03-03 22:44:33,498 INFO     framework.verdict_engine — VERDICT  | SOC_Step_190                   | expected=0 actual=0 delta=0 band=<= pass_tol (5.0) → PASS
2026-03-03 22:44:33,498 INFO     framework.verdict_engine — VERDICT  | SOC_Step_191                   | expected=0 actual=0 delta=0 band=<= pass_tol (5.0) → PASS
2026-03-03 22:44:33,498 INFO     framework.verdict_engine — VERDICT  | SOC_Step_192                   | expected=0 actual=0 delta=0 band=<= pass_tol (5.0) → PASS
2026-03-03 22:44:33,498 INFO     framework.verdict_engine — VERDICT  | SOC_Step_193                   | expected=0 actual=0 delta=0 band=<= pass_tol (5.0) → PASS
2026-03-03 22:44:33,498 INFO     framework.verdict_engine — VERDICT  | SOC_Step_194                   | expected=0 actual=0 delta=0 band=<= pass_tol (5.0) → PASS
2026-03-03 22:44:33,498 INFO     framework.verdict_engine — VERDICT  | SOC_Step_195                   | expected=0 actual=0 delta=0 band=<= pass_tol (5.0) → PASS
2026-03-03 22:44:33,498 INFO     framework.verdict_engine — VERDICT  | SOC_Step_196                   | expected=0 actual=0 delta=0 band=<= pass_tol (5.0) → PASS
2026-03-03 22:44:33,498 INFO     framework.verdict_engine — VERDICT  | SOC_Step_197                   | expected=0 actual=0 delta=0 band=<= pass_tol (5.0) → PASS
2026-03-03 22:44:33,498 INFO     framework.verdict_engine — VERDICT  | SOC_Step_198                   | expected=0 actual=0 delta=0 band=<= pass_tol (5.0) → PASS
2026-03-03 22:44:33,498 INFO     framework.verdict_engine — VERDICT  | SOC_Step_199                   | expected=0 actual=0 delta=0 band=<= pass_tol (5.0) → PASS
2026-03-03 22:44:33,498 INFO     framework.verdict_engine — VERDICT  | SOC_Step_200                   | expected=0 actual=0 delta=0 band=<= pass_tol (5.0) → PASS
2026-03-03 22:44:33,498 INFO     framework.verdict_engine — VERDICT  | SOC_Step_201                   | expected=0 actual=0 delta=0 band=<= pass_tol (5.0) → PASS
2026-03-03 22:44:33,498 INFO     framework.verdict_engine — VERDICT  | SOC_Step_202                   | expected=0 actual=0 delta=0 band=<= pass_tol (5.0) → PASS
2026-03-03 22:44:33,498 INFO     framework.verdict_engine — VERDICT  | SOC_Step_203                   | expected=0 actual=0 delta=0 band=<= pass_tol (5.0) → PASS
2026-03-03 22:44:33,498 INFO     framework.verdict_engine — VERDICT  | SOC_Step_204                   | expected=0 actual=0 delta=0 band=<= pass_tol (5.0) → PASS
2026-03-03 22:44:33,498 INFO     framework.verdict_engine — VERDICT  | SOC_Step_205                   | expected=0 actual=0 delta=0 band=<= pass_tol (5.0) → PASS
2026-03-03 22:44:33,498 INFO     framework.verdict_engine — VERDICT  | SOC_Step_206                   | expected=0 actual=0 delta=0 band=<= pass_tol (5.0) → PASS
2026-03-03 22:44:33,499 INFO     framework.verdict_engine — VERDICT  | SOC_Step_207                   | expected=0 actual=0 delta=0 band=<= pass_tol (5.0) → PASS
2026-03-03 22:44:33,499 INFO     framework.verdict_engine — VERDICT  | SOC_Step_208                   | expected=0 actual=0 delta=0 band=<= pass_tol (5.0) → PASS
2026-03-03 22:44:33,499 INFO     framework.verdict_engine — VERDICT  | SOC_Step_209                   | expected=0 actual=0 delta=0 band=<= pass_tol (5.0) → PASS
2026-03-03 22:44:33,499 INFO     framework.verdict_engine — VERDICT  | SOC_Step_210                   | expected=0.25 actual=0.24 delta=0.01 band=<= pass_tol (5.0) → PASS
2026-03-03 22:44:33,499 INFO     framework.verdict_engine — VERDICT  | SOC_Step_211                   | expected=0.04 actual=0.02 delta=0.02 band=<= pass_tol (5.0) → PASS
2026-03-03 22:44:33,499 INFO     framework.verdict_engine — VERDICT  | SOC_Step_212                   | expected=0 actual=0 delta=0 band=<= pass_tol (5.0) → PASS
2026-03-03 22:44:33,499 INFO     framework.verdict_engine — VERDICT  | SOC_Step_213                   | expected=0 actual=0 delta=0 band=<= pass_tol (5.0) → PASS
2026-03-03 22:44:33,499 INFO     framework.verdict_engine — VERDICT  | SOC_Step_214                   | expected=0 actual=0 delta=0 band=<= pass_tol (5.0) → PASS
2026-03-03 22:44:33,499 INFO     framework.verdict_engine — VERDICT  | SOC_Step_215                   | expected=0 actual=0 delta=0 band=<= pass_tol (5.0) → PASS
2026-03-03 22:44:33,499 INFO     framework.verdict_engine — VERDICT  | SOC_Step_216                   | expected=0 actual=0 delta=0 band=<= pass_tol (5.0) → PASS
2026-03-03 22:44:33,499 INFO     framework.verdict_engine — VERDICT  | SOC_Step_217                   | expected=0 actual=0 delta=0 band=<= pass_tol (5.0) → PASS
2026-03-03 22:44:33,499 INFO     framework.verdict_engine — VERDICT  | SOC_Step_218                   | expected=0 actual=0 delta=0 band=<= pass_tol (5.0) → PASS
2026-03-03 22:44:33,499 INFO     framework.verdict_engine — VERDICT  | SOC_Step_219                   | expected=0 actual=0 delta=0 band=<= pass_tol (5.0) → PASS
2026-03-03 22:44:33,499 INFO     framework.verdict_engine — VERDICT  | SOC_Step_220                   | expected=0 actual=0 delta=0 band=<= pass_tol (5.0) → PASS
2026-03-03 22:44:33,499 INFO     framework.verdict_engine — VERDICT  | SOC_Step_221                   | expected=0 actual=0 delta=0 band=<= pass_tol (5.0) → PASS
2026-03-03 22:44:33,499 INFO     framework.verdict_engine — VERDICT  | SOC_Step_222                   | expected=0 actual=0 delta=0 band=<= pass_tol (5.0) → PASS
2026-03-03 22:44:33,499 INFO     framework.verdict_engine — VERDICT  | SOC_Step_223                   | expected=0 actual=0 delta=0 band=<= pass_tol (5.0) → PASS
2026-03-03 22:44:33,499 INFO     framework.verdict_engine — VERDICT  | SOC_Step_224                   | expected=0 actual=0 delta=0 band=<= pass_tol (5.0) → PASS
2026-03-03 22:44:33,499 INFO     framework.verdict_engine — VERDICT  | SOC_Step_225                   | expected=0 actual=0 delta=0 band=<= pass_tol (5.0) → PASS
2026-03-03 22:44:33,499 INFO     framework.verdict_engine — VERDICT  | SOC_Step_226                   | expected=0 actual=0 delta=0 band=<= pass_tol (5.0) → PASS
2026-03-03 22:44:33,499 INFO     framework.verdict_engine — VERDICT  | SOC_Step_227                   | expected=0 actual=0 delta=0 band=<= pass_tol (5.0) → PASS
2026-03-03 22:44:33,499 INFO     framework.verdict_engine — VERDICT  | SOC_Step_228                   | expected=0 actual=0 delta=0 band=<= pass_tol (5.0) → PASS
2026-03-03 22:44:33,499 INFO     framework.verdict_engine — VERDICT  | SOC_Step_229                   | expected=0 actual=0 delta=0 band=<= pass_tol (5.0) → PASS
2026-03-03 22:44:33,499 INFO     framework.verdict_engine — VERDICT  | SOC_Step_230                   | expected=0 actual=0 delta=0 band=<= pass_tol (5.0) → PASS
2026-03-03 22:44:33,499 INFO     framework.verdict_engine — VERDICT  | SOC_Step_231                   | expected=0 actual=0 delta=0 band=<= pass_tol (5.0) → PASS
2026-03-03 22:44:33,499 INFO     framework.verdict_engine — VERDICT  | SOC_Step_232                   | expected=0 actual=0 delta=0 band=<= pass_tol (5.0) → PASS
2026-03-03 22:44:33,499 INFO     framework.verdict_engine — VERDICT  | SOC_Step_233                   | expected=0 actual=0 delta=0 band=<= pass_tol (5.0) → PASS
2026-03-03 22:44:33,499 INFO     framework.verdict_engine — VERDICT  | SOC_Step_234                   | expected=0 actual=0 delta=0 band=<= pass_tol (5.0) → PASS
2026-03-03 22:44:33,499 INFO     framework.verdict_engine — VERDICT  | SOC_Step_235                   | expected=0 actual=0 delta=0 band=<= pass_tol (5.0) → PASS
2026-03-03 22:44:33,499 INFO     framework.verdict_engine — VERDICT  | SOC_Step_236                   | expected=0 actual=0 delta=0 band=<= pass_tol (5.0) → PASS
2026-03-03 22:44:33,499 INFO     framework.verdict_engine — VERDICT  | SOC_Step_237                   | expected=0 actual=0 delta=0 band=<= pass_tol (5.0) → PASS
2026-03-03 22:44:33,499 INFO     framework.verdict_engine — VERDICT  | SOC_Step_238                   | expected=0 actual=0 delta=0 band=<= pass_tol (5.0) → PASS
2026-03-03 22:44:33,499 INFO     framework.verdict_engine — VERDICT  | SOC_Step_239                   | expected=0 actual=0 delta=0 band=<= pass_tol (5.0) → PASS
2026-03-03 22:44:33,499 INFO     framework.verdict_engine — VERDICT  | SOC_Step_240                   | expected=0 actual=0 delta=0 band=<= pass_tol (5.0) → PASS
2026-03-03 22:44:33,499 INFO     framework.verdict_engine — VERDICT  | SOC_Step_241                   | expected=0 actual=0 delta=0 band=<= pass_tol (5.0) → PASS
2026-03-03 22:44:33,499 INFO     framework.verdict_engine — VERDICT  | SOC_Step_242                   | expected=0 actual=0 delta=0 band=<= pass_tol (5.0) → PASS
2026-03-03 22:44:33,499 INFO     framework.verdict_engine — VERDICT  | SOC_Step_243                   | expected=0 actual=0 delta=0 band=<= pass_tol (5.0) → PASS
2026-03-03 22:44:33,499 INFO     framework.verdict_engine — VERDICT  | SOC_Step_244                   | expected=0 actual=0 delta=0 band=<= pass_tol (5.0) → PASS
2026-03-03 22:44:33,499 INFO     framework.verdict_engine — VERDICT  | SOC_Step_245                   | expected=0 actual=0 delta=0 band=<= pass_tol (5.0) → PASS
2026-03-03 22:44:33,500 INFO     framework.verdict_engine — VERDICT  | SOC_Step_246                   | expected=0 actual=0 delta=0 band=<= pass_tol (5.0) → PASS
2026-03-03 22:44:33,500 INFO     framework.verdict_engine — VERDICT  | SOC_Step_247                   | expected=0 actual=0 delta=0 band=<= pass_tol (5.0) → PASS
2026-03-03 22:44:33,500 INFO     framework.verdict_engine — VERDICT  | SOC_Step_248                   | expected=0 actual=0 delta=0 band=<= pass_tol (5.0) → PASS
2026-03-03 22:44:33,500 INFO     framework.verdict_engine — VERDICT  | SOC_Step_249                   | expected=0 actual=0 delta=0 band=<= pass_tol (5.0) → PASS
2026-03-03 22:44:33,500 INFO     framework.verdict_engine — VERDICT  | SOC_Step_250                   | expected=0 actual=0 delta=0 band=<= pass_tol (5.0) → PASS
2026-03-03 22:44:33,500 INFO     framework.verdict_engine — VERDICT  | SOC_Step_251                   | expected=0 actual=0 delta=0 band=<= pass_tol (5.0) → PASS
2026-03-03 22:44:33,500 INFO     framework.verdict_engine — VERDICT  | SOC_Step_252                   | expected=0 actual=0 delta=0 band=<= pass_tol (5.0) → PASS
2026-03-03 22:44:33,500 INFO     framework.verdict_engine — VERDICT  | SOC_Step_253                   | expected=0 actual=0 delta=0 band=<= pass_tol (5.0) → PASS
2026-03-03 22:44:33,500 INFO     framework.verdict_engine — VERDICT  | SOC_Step_254                   | expected=0 actual=0 delta=0 band=<= pass_tol (5.0) → PASS
2026-03-03 22:44:33,500 INFO     framework.verdict_engine — VERDICT  | SOC_Step_255                   | expected=0 actual=0 delta=0 band=<= pass_tol (5.0) → PASS
2026-03-03 22:44:33,500 INFO     framework.verdict_engine — VERDICT  | SOC_Step_256                   | expected=0 actual=0 delta=0 band=<= pass_tol (5.0) → PASS
2026-03-03 22:44:33,500 INFO     framework.verdict_engine — VERDICT  | SOC_Step_257                   | expected=0 actual=0 delta=0 band=<= pass_tol (5.0) → PASS
2026-03-03 22:44:33,500 INFO     framework.verdict_engine — VERDICT  | SOC_Step_258                   | expected=0 actual=0 delta=0 band=<= pass_tol (5.0) → PASS
2026-03-03 22:44:33,500 INFO     framework.verdict_engine — VERDICT  | SOC_Step_259                   | expected=0 actual=0 delta=0 band=<= pass_tol (5.0) → PASS
2026-03-03 22:44:33,500 INFO     framework.verdict_engine — VERDICT  | SOC_Step_260                   | expected=0 actual=0 delta=0 band=<= pass_tol (5.0) → PASS
2026-03-03 22:44:33,500 INFO     framework.verdict_engine — VERDICT  | SOC_Step_261                   | expected=0 actual=0 delta=0 band=<= pass_tol (5.0) → PASS
2026-03-03 22:44:33,500 INFO     framework.verdict_engine — VERDICT  | SOC_Step_262                   | expected=0 actual=0 delta=0 band=<= pass_tol (5.0) → PASS
2026-03-03 22:44:33,500 INFO     framework.verdict_engine — VERDICT  | SOC_Step_263                   | expected=0 actual=0 delta=0 band=<= pass_tol (5.0) → PASS
2026-03-03 22:44:33,500 INFO     framework.verdict_engine — VERDICT  | SOC_Step_264                   | expected=0 actual=0 delta=0 band=<= pass_tol (5.0) → PASS
2026-03-03 22:44:33,500 INFO     framework.verdict_engine — VERDICT  | SOC_Step_265                   | expected=0 actual=0 delta=0 band=<= pass_tol (5.0) → PASS
2026-03-03 22:44:33,500 INFO     framework.verdict_engine — VERDICT  | SOC_Step_266                   | expected=0 actual=0 delta=0 band=<= pass_tol (5.0) → PASS
2026-03-03 22:44:33,500 INFO     framework.verdict_engine — VERDICT  | SOC_Step_267                   | expected=0 actual=0 delta=0 band=<= pass_tol (5.0) → PASS
2026-03-03 22:44:33,500 INFO     framework.verdict_engine — VERDICT  | SOC_Step_268                   | expected=0 actual=0 delta=0 band=<= pass_tol (5.0) → PASS
2026-03-03 22:44:33,500 INFO     framework.verdict_engine — VERDICT  | SOC_Step_269                   | expected=0 actual=0 delta=0 band=<= pass_tol (5.0) → PASS
2026-03-03 22:44:33,500 INFO     framework.verdict_engine — VERDICT  | SOC_Step_270                   | expected=0 actual=0 delta=0 band=<= pass_tol (5.0) → PASS
2026-03-03 22:44:33,500 INFO     framework.verdict_engine — VERDICT  | SOC_Step_271                   | expected=0 actual=0 delta=0 band=<= pass_tol (5.0) → PASS
2026-03-03 22:44:33,500 INFO     framework.verdict_engine — VERDICT  | SOC_Step_272                   | expected=0 actual=0 delta=0 band=<= pass_tol (5.0) → PASS
2026-03-03 22:44:33,500 INFO     framework.verdict_engine — VERDICT  | SOC_Step_273                   | expected=0 actual=0 delta=0 band=<= pass_tol (5.0) → PASS
2026-03-03 22:44:33,500 INFO     framework.verdict_engine — VERDICT  | SOC_Step_274                   | expected=0 actual=0 delta=0 band=<= pass_tol (5.0) → PASS
2026-03-03 22:44:33,500 INFO     framework.verdict_engine — VERDICT  | SOC_Step_275                   | expected=0 actual=0 delta=0 band=<= pass_tol (5.0) → PASS
2026-03-03 22:44:33,500 INFO     framework.verdict_engine — VERDICT  | SOC_Step_276                   | expected=0 actual=0 delta=0 band=<= pass_tol (5.0) → PASS
2026-03-03 22:44:33,500 INFO     framework.verdict_engine — VERDICT  | SOC_Step_277                   | expected=0 actual=0 delta=0 band=<= pass_tol (5.0) → PASS
2026-03-03 22:44:33,500 INFO     framework.verdict_engine — VERDICT  | SOC_Step_278                   | expected=0 actual=0 delta=0 band=<= pass_tol (5.0) → PASS
2026-03-03 22:44:33,500 INFO     framework.verdict_engine — VERDICT  | SOC_Step_279                   | expected=0 actual=0 delta=0 band=<= pass_tol (5.0) → PASS
2026-03-03 22:44:33,500 INFO     framework.verdict_engine — VERDICT  | SOC_Step_280                   | expected=0 actual=0 delta=0 band=<= pass_tol (5.0) → PASS
2026-03-03 22:44:33,500 INFO     framework.verdict_engine — VERDICT  | SOC_Step_281                   | expected=0 actual=0 delta=0 band=<= pass_tol (5.0) → PASS
2026-03-03 22:44:33,500 INFO     framework.verdict_engine — VERDICT  | SOC_Step_282                   | expected=0 actual=0 delta=0 band=<= pass_tol (5.0) → PASS
2026-03-03 22:44:33,500 INFO     framework.verdict_engine — VERDICT  | SOC_Step_283                   | expected=0 actual=0 delta=0 band=<= pass_tol (5.0) → PASS
2026-03-03 22:44:33,501 INFO     framework.verdict_engine — VERDICT  | SOC_Step_284                   | expected=0 actual=0 delta=0 band=<= pass_tol (5.0) → PASS
2026-03-03 22:44:33,501 INFO     framework.verdict_engine — VERDICT  | SOC_Step_285                   | expected=0 actual=0 delta=0 band=<= pass_tol (5.0) → PASS
2026-03-03 22:44:33,501 INFO     framework.verdict_engine — VERDICT  | SOC_Step_286                   | expected=0 actual=0 delta=0 band=<= pass_tol (5.0) → PASS
2026-03-03 22:44:33,501 INFO     framework.verdict_engine — VERDICT  | SOC_Step_287                   | expected=0 actual=0 delta=0 band=<= pass_tol (5.0) → PASS
2026-03-03 22:44:33,501 INFO     framework.verdict_engine — VERDICT  | SOC_Step_288                   | expected=0 actual=0 delta=0 band=<= pass_tol (5.0) → PASS
2026-03-03 22:44:33,501 INFO     framework.verdict_engine — VERDICT  | SOC_Step_289                   | expected=0 actual=0 delta=0 band=<= pass_tol (5.0) → PASS
2026-03-03 22:44:33,501 INFO     framework.verdict_engine — VERDICT  | SOC_Step_290                   | expected=0 actual=0 delta=0 band=<= pass_tol (5.0) → PASS
2026-03-03 22:44:33,501 INFO     framework.verdict_engine — VERDICT  | SOC_Step_291                   | expected=0 actual=0 delta=0 band=<= pass_tol (5.0) → PASS
2026-03-03 22:44:33,501 INFO     framework.verdict_engine — VERDICT  | SOC_Step_292                   | expected=0 actual=0 delta=0 band=<= pass_tol (5.0) → PASS
2026-03-03 22:44:33,501 INFO     framework.verdict_engine — VERDICT  | SOC_Step_293                   | expected=0 actual=0 delta=0 band=<= pass_tol (5.0) → PASS
2026-03-03 22:44:33,501 INFO     framework.verdict_engine — VERDICT  | SOC_Step_294                   | expected=0 actual=0 delta=0 band=<= pass_tol (5.0) → PASS
2026-03-03 22:44:33,501 INFO     framework.verdict_engine — VERDICT  | SOC_Step_295                   | expected=0 actual=0 delta=0 band=<= pass_tol (5.0) → PASS
2026-03-03 22:44:33,501 INFO     framework.verdict_engine — VERDICT  | SOC_Step_296                   | expected=0 actual=0 delta=0 band=<= pass_tol (5.0) → PASS
2026-03-03 22:44:33,501 INFO     framework.verdict_engine — VERDICT  | SOC_Step_297                   | expected=0 actual=0 delta=0 band=<= pass_tol (5.0) → PASS
2026-03-03 22:44:33,501 INFO     framework.verdict_engine — VERDICT  | SOC_Step_298                   | expected=0 actual=0 delta=0 band=<= pass_tol (5.0) → PASS
2026-03-03 22:44:33,501 INFO     framework.verdict_engine — VERDICT  | SOC_Step_299                   | expected=0 actual=0 delta=0 band=<= pass_tol (5.0) → PASS
2026-03-03 22:44:33,501 INFO     framework.sequencer — <<< TC_001 DONE in 8.9 ms  verdict=PASS
2026-03-03 22:44:33,501 INFO     framework.sequencer — >>> RUNNING TC_002: SOC_Stress_Pulse
2026-03-03 22:44:33,502 INFO     framework.sequencer — <<< TC_002 DONE in 1.4 ms  verdict=PASS
2026-03-03 22:44:33,502 INFO     framework.sequencer — >>> RUNNING TC_003: SOH_Degradation_Detection
2026-03-03 22:44:33,503 INFO     framework.verdict_engine — VERDICT  | SOH_80                         | expected=0.8 actual=0.8 delta=0 band=<= pass_tol (0.01) → PASS
2026-03-03 22:44:33,503 INFO     framework.verdict_engine — VERDICT  | DTC_SOH_Status                 | expected=1 actual=1 delta=0 band=<= pass_tol (0.0) → PASS
2026-03-03 22:44:33,503 INFO     framework.sequencer — <<< TC_003 DONE in 0.4 ms  verdict=PASS
2026-03-03 22:44:33,503 INFO     framework.sequencer — >>> RUNNING TC_004: Cell_OV_Detection
2026-03-03 22:44:33,503 INFO     framework.verdict_engine — VERDICT  | OV_PENDING_1                   | expected=1 actual=1 delta=0 band=<= pass_tol (0.0) → PASS
2026-03-03 22:44:33,503 INFO     framework.verdict_engine — VERDICT  | OV_PENDING_2                   | expected=1 actual=1 delta=0 band=<= pass_tol (0.0) → PASS
2026-03-03 22:44:33,503 INFO     framework.verdict_engine — VERDICT  | OV_CONFIRMED                   | expected=1 actual=1 delta=0 band=<= pass_tol (0.0) → PASS
2026-03-03 22:44:33,503 INFO     framework.sequencer — <<< TC_004 DONE in 0.2 ms  verdict=PASS
2026-03-03 22:44:33,503 INFO     framework.sequencer — >>> RUNNING TC_005: Cell_UT_ColdStart
2026-03-03 22:44:33,503 INFO     framework.verdict_engine — VERDICT  | Cold_SOC_Correction            | expected=81 actual=81.02 delta=0.02 band=<= pass_tol (0.5) → PASS
2026-03-03 22:44:33,503 INFO     framework.verdict_engine — VERDICT  | Cold_Derating_Factor           | expected=0.5 actual=0.5 delta=0 band=<= pass_tol (0.01) → PASS
2026-03-03 22:44:33,503 INFO     framework.verdict_engine — VERDICT  | UT_Warning_Active              | expected=1 actual=1 delta=0 band=<= pass_tol (0.0) → PASS
2026-03-03 22:44:33,503 INFO     framework.sequencer — <<< TC_005 DONE in 0.2 ms  verdict=PASS
2026-03-03 22:44:33,503 INFO     framework.sequencer — >>> RUNNING TC_006: Thermal_Derating
2026-03-03 22:44:33,503 INFO     framework.verdict_engine — VERDICT  | Cooling_Request_50             | expected=1 actual=1 delta=0 band=<= pass_tol (0.0) → PASS
2026-03-03 22:44:33,504 INFO     framework.verdict_engine — VERDICT  | Thermal_DF_50                  | expected=0.6 actual=0.6 delta=0 band=<= pass_tol (0.01) → PASS
2026-03-03 22:44:33,504 INFO     framework.verdict_engine — VERDICT  | SOP_Charge_Derated             | expected=90 actual=90 delta=0 band=<= pass_tol (1.0) → PASS
2026-03-03 22:44:33,504 INFO     framework.sequencer — <<< TC_006 DONE in 0.2 ms  verdict=PASS
2026-03-03 22:44:33,504 INFO     framework.sequencer — >>> RUNNING TC_007: Passive_Balancing
2026-03-03 22:44:33,505 INFO     framework.verdict_engine — VERDICT  | Balancing_Permitted            | expected=1 actual=1 delta=0 band=<= pass_tol (0.0) → PASS
2026-03-03 22:44:33,505 INFO     framework.verdict_engine — VERDICT  | Delta_V_mV                     | expected=20 actual=20 delta=0 band=<= pass_tol (1.0) → PASS
2026-03-03 22:44:33,505 INFO     framework.verdict_engine — VERDICT  | Cell_0_Balancing               | expected=1 actual=1 delta=0 band=<= pass_tol (0.0) → PASS
2026-03-03 22:44:33,505 INFO     framework.verdict_engine — VERDICT  | Cell_2_Not_Balancing           | expected=0 actual=0 delta=0 band=<= pass_tol (0.0) → PASS
2026-03-03 22:44:33,505 INFO     framework.sequencer — <<< TC_007 DONE in 1.2 ms  verdict=PASS
2026-03-03 22:44:33,505 INFO     framework.sequencer — >>> RUNNING TC_008: SOP_SOE_Nominal
2026-03-03 22:44:33,505 INFO     framework.verdict_engine — VERDICT  | SOE_Energy                     | expected=36 actual=36.01 delta=0.01 band=<= pass_tol (0.5) → PASS
2026-03-03 22:44:33,505 INFO     framework.verdict_engine — VERDICT  | SOP_Discharge                  | expected=250 actual=250 delta=0 band=<= pass_tol (5.0) → PASS
2026-03-03 22:44:33,505 INFO     framework.verdict_engine — VERDICT  | SOP_Charge                     | expected=150 actual=149.7 delta=0.3 band=<= pass_tol (5.0) → PASS
2026-03-03 22:44:33,505 INFO     framework.verdict_engine — VERDICT  | Range_Estimate                 | expected=200 actual=200.04 delta=0.04 band=<= pass_tol (5.0) → PASS
2026-03-03 22:44:33,505 INFO     framework.sequencer — <<< TC_008 DONE in 0.1 ms  verdict=PASS
2026-03-03 22:44:33,505 INFO     framework.sequencer — >>> RUNNING TC_009: HVDC_Derating
2026-03-03 22:44:33,505 INFO     framework.verdict_engine — VERDICT  | HVDC_DF_395V                   | expected=1 actual=1 delta=0 band=<= pass_tol (0.05) → PASS
2026-03-03 22:44:33,505 INFO     framework.verdict_engine — VERDICT  | HVDC_DF_410V                   | expected=0.5 actual=0.5 delta=0 band=<= pass_tol (0.05) → PASS
2026-03-03 22:44:33,505 INFO     framework.verdict_engine — VERDICT  | HVDC_DF_425V                   | expected=0 actual=0 delta=0 band=<= pass_tol (0.05) → PASS
2026-03-03 22:44:33,505 INFO     framework.verdict_engine — VERDICT  | Shutdown_Triggered_at_425V     | expected=0 actual=0 delta=0 band=<= pass_tol (0.0) → PASS
2026-03-03 22:44:33,505 INFO     framework.sequencer — <<< TC_009 DONE in 0.2 ms  verdict=PASS
2026-03-03 22:44:33,505 INFO     framework.sequencer — >>> RUNNING TC_011: DTC_Freeze_Frame
2026-03-03 22:44:33,505 INFO     framework.verdict_engine — VERDICT  | OT_DTC_Confirmed               | expected=1 actual=1 delta=0 band=<= pass_tol (0.0) → PASS
2026-03-03 22:44:33,505 INFO     framework.verdict_engine — VERDICT  | FF_SOC_Value                   | expected=68.25 actual=65.38 delta=2.87 band=<= pass_tol (3.0) → PASS
2026-03-03 22:44:33,505 INFO     framework.sequencer — <<< TC_011 DONE in 0.2 ms  verdict=PASS
2026-03-03 22:44:33,505 INFO     framework.sequencer — >>> RUNNING TC_010: Charge_CC_CV
2026-03-03 22:44:33,505 INFO     framework.verdict_engine — VERDICT  | State_CC                       | expected=1 actual=1 delta=0 band=<= pass_tol (0.0) → PASS
2026-03-03 22:44:33,505 INFO     framework.verdict_engine — VERDICT  | State_CV                       | expected=1 actual=1 delta=0 band=<= pass_tol (0.0) → PASS
2026-03-03 22:44:33,505 INFO     framework.verdict_engine — VERDICT  | State_COMPLETE                 | expected=1 actual=1 delta=0 band=<= pass_tol (0.0) → PASS
2026-03-03 22:44:33,505 INFO     framework.sequencer — <<< TC_010 DONE in 0.2 ms  verdict=PASS
2026-03-03 22:44:33,506 INFO     framework.sequencer — >>> RUNNING TC_012: Contactor_Precharge
2026-03-03 22:44:33,506 INFO     framework.verdict_engine — VERDICT  | State_Initial_OPEN             | expected=1 actual=1 delta=0 band=<= pass_tol (0.0) → PASS
2026-03-03 22:44:33,506 INFO     framework.verdict_engine — VERDICT  | State_PRECHARGE                | expected=1 actual=1 delta=0 band=<= pass_tol (0.0) → PASS
2026-03-03 22:44:33,506 INFO     framework.verdict_engine — VERDICT  | State_CLOSED                   | expected=1 actual=1 delta=0 band=<= pass_tol (0.0) → PASS
2026-03-03 22:44:33,506 INFO     framework.verdict_engine — VERDICT  | Weld_DTC_Confirmed             | expected=1 actual=1 delta=0 band=<= pass_tol (0.0) → PASS
2026-03-03 22:44:33,506 INFO     framework.sequencer — <<< TC_012 DONE in 0.3 ms  verdict=PASS
2026-03-03 22:44:33,506 INFO     framework.sequencer — >>> RUNNING TC_013: IMD_Fault
2026-03-03 22:44:33,506 INFO     framework.verdict_engine — VERDICT  | IMD_Status_OK                  | expected=1 actual=1 delta=0 band=<= pass_tol (0.0) → PASS
2026-03-03 22:44:33,506 INFO     framework.verdict_engine — VERDICT  | IMD_Status_WARNING             | expected=1 actual=1 delta=0 band=<= pass_tol (0.0) → PASS
2026-03-03 22:44:33,506 INFO     framework.verdict_engine — VERDICT  | IMD_Status_FAULT               | expected=1 actual=1 delta=0 band=<= pass_tol (0.0) → PASS
2026-03-03 22:44:33,506 INFO     framework.verdict_engine — VERDICT  | IMD_DTC_Confirmed              | expected=1 actual=1 delta=0 band=<= pass_tol (0.0) → PASS
2026-03-03 22:44:33,506 INFO     framework.sequencer — <<< TC_013 DONE in 0.3 ms  verdict=PASS
2026-03-03 22:44:33,506 INFO     framework.sequencer — >>> RUNNING TC_014: ASIL_Safe_State
2026-03-03 22:44:33,506 INFO     framework.verdict_engine — VERDICT  | Safe_Start_Contactor           | expected=1 actual=1 delta=0 band=<= pass_tol (0.0) → PASS
2026-03-03 22:44:33,506 INFO     framework.verdict_engine — VERDICT  | SAFE_STATE_Active              | expected=1 actual=1 delta=0 band=<= pass_tol (0.0) → PASS
2026-03-03 22:44:33,506 INFO     framework.verdict_engine — VERDICT  | Contactor_OPEN_on_SafeState    | expected=1 actual=1 delta=0 band=<= pass_tol (0.0) → PASS
2026-03-03 22:44:33,506 INFO     framework.verdict_engine — VERDICT  | SOP_Zero_on_SafeState          | expected=0 actual=0 delta=0 band=<= pass_tol (0.0) → PASS
2026-03-03 22:44:33,506 INFO     framework.verdict_engine — VERDICT  | Cooling_EMERGENCY              | expected=1 actual=1 delta=0 band=<= pass_tol (0.0) → PASS
2026-03-03 22:44:33,506 INFO     framework.sequencer — <<< TC_014 DONE in 0.2 ms  verdict=PASS
2026-03-03 22:44:33,506 INFO     framework.sequencer — >>> RUNNING TC_015: Safe_State_Recovery
2026-03-03 22:44:33,506 INFO     framework.verdict_engine — VERDICT  | Trigger_SafeState              | expected=1 actual=1 delta=0 band=<= pass_tol (0.0) → PASS
2026-03-03 22:44:33,507 INFO     framework.verdict_engine — VERDICT  | SafeState_Retained_Without_Reset | expected=1 actual=1 delta=0 band=<= pass_tol (0.0) → PASS
2026-03-03 22:44:33,507 INFO     framework.verdict_engine — VERDICT  | SafeState_Cleared_After_Reset  | expected=0 actual=0 delta=0 band=<= pass_tol (0.0) → PASS
2026-03-03 22:44:33,507 INFO     framework.sequencer — <<< TC_015 DONE in 0.2 ms  verdict=PASS
2026-03-03 22:44:33,593 INFO     framework.reporter — HTML report written → /Users/hichamjazouli/Projects/PyXiL/reports/report_20260303_224433.html
